2020-01-30 08:57:27.120 INFO  (main) [   ] o.e.j.u.log Logging initialized @3165ms to org.eclipse.jetty.util.log.Slf4jLog
2020-01-30 08:57:27.445 WARN  (main) [   ] o.e.j.s.AbstractConnector Ignoring deprecated socket close linger time
2020-01-30 08:57:27.456 INFO  (main) [   ] o.e.j.s.Server jetty-9.4.14.v20181114; built: 2018-11-14T21:20:31.478Z; git: c4550056e785fb5665914545889f21dc136ad9e6; jvm 1.8.0_231-b11
2020-01-30 08:57:27.488 INFO  (main) [   ] o.e.j.d.p.ScanningAppProvider Deployment monitor [file:///C:/Users/Joey/Desktop/PycharmProjects/IR_SearchEngine/IR_Q1-Q3/solr-8.0.0/solr-8.0.0/server/contexts/] at interval 0
2020-01-30 08:57:28.566 INFO  (main) [   ] o.e.j.w.StandardDescriptorProcessor NO JSP Support for /solr, did not find org.apache.jasper.servlet.JspServlet
2020-01-30 08:57:28.579 INFO  (main) [   ] o.e.j.s.session DefaultSessionIdManager workerName=node0
2020-01-30 08:57:28.579 INFO  (main) [   ] o.e.j.s.session No SessionScavenger set, using defaults
2020-01-30 08:57:28.582 INFO  (main) [   ] o.e.j.s.session node0 Scavenging every 600000ms
2020-01-30 08:57:28.631 INFO  (main) [   ] o.a.s.u.c.SSLCredentialProviderFactory Processing SSL Credential Provider chain: env;sysprop
2020-01-30 08:57:28.664 INFO  (main) [   ] o.a.s.s.SolrDispatchFilter Using logger factory org.apache.logging.slf4j.Log4jLoggerFactory
2020-01-30 08:57:28.669 INFO  (main) [   ] o.a.s.s.SolrDispatchFilter  ___      _       Welcome to Apache Solr™ version 8.0.0
2020-01-30 08:57:28.669 INFO  (main) [   ] o.a.s.s.SolrDispatchFilter / __| ___| |_ _   Starting in standalone mode on port 8983
2020-01-30 08:57:28.669 INFO  (main) [   ] o.a.s.s.SolrDispatchFilter \__ \/ _ \ | '_|  Install dir: C:\Users\Joey\Desktop\PycharmProjects\IR_SearchEngine\IR_Q1-Q3\solr-8.0.0\solr-8.0.0
2020-01-30 08:57:28.671 INFO  (main) [   ] o.a.s.s.SolrDispatchFilter |___/\___/_|_|    Start time: 2020-01-30T08:57:28.671Z
2020-01-30 08:57:28.704 INFO  (main) [   ] o.a.s.c.SolrResourceLoader Using system property solr.solr.home: C:\Users\Joey\Desktop\PycharmProjects\IR_SearchEngine\IR_Q1-Q3\solr-8.0.0\solr-8.0.0\server\solr
2020-01-30 08:57:28.712 INFO  (main) [   ] o.a.s.c.SolrXmlConfig Loading container configuration from C:\Users\Joey\Desktop\PycharmProjects\IR_SearchEngine\IR_Q1-Q3\solr-8.0.0\solr-8.0.0\server\solr\solr.xml
2020-01-30 08:57:28.813 INFO  (main) [   ] o.a.s.c.SolrXmlConfig MBean server found: com.sun.jmx.mbeanserver.JmxMBeanServer@314c508a, but no JMX reporters were configured - adding default JMX reporter.
2020-01-30 08:57:29.425 INFO  (main) [   ] o.a.s.h.c.HttpShardHandlerFactory Host whitelist initialized: WhitelistHostChecker [whitelistHosts=null, whitelistHostCheckingEnabled=true]
2020-01-30 08:57:30.111 WARN  (main) [   ] o.e.j.u.s.S.config No Client EndPointIdentificationAlgorithm configured for SslContextFactory@31c7528f[provider=null,keyStore=null,trustStore=null]
2020-01-30 08:57:30.238 WARN  (main) [   ] o.e.j.u.s.S.config No Client EndPointIdentificationAlgorithm configured for SslContextFactory@4dc8caa7[provider=null,keyStore=null,trustStore=null]
2020-01-30 08:57:30.453 INFO  (main) [   ] o.a.s.c.TransientSolrCoreCacheDefault Allocating transient cache for 2147483647 transient cores
2020-01-30 08:57:30.454 INFO  (main) [   ] o.a.s.h.a.MetricsHistoryHandler No .system collection, keeping metrics history in memory.
2020-01-30 08:57:30.529 INFO  (main) [   ] o.a.s.m.r.SolrJmxReporter JMX monitoring for 'solr.node' (registry 'solr.node') enabled at server: com.sun.jmx.mbeanserver.JmxMBeanServer@314c508a
2020-01-30 08:57:30.530 INFO  (main) [   ] o.a.s.m.r.SolrJmxReporter JMX monitoring for 'solr.jvm' (registry 'solr.jvm') enabled at server: com.sun.jmx.mbeanserver.JmxMBeanServer@314c508a
2020-01-30 08:57:30.535 INFO  (main) [   ] o.a.s.m.r.SolrJmxReporter JMX monitoring for 'solr.jetty' (registry 'solr.jetty') enabled at server: com.sun.jmx.mbeanserver.JmxMBeanServer@314c508a
2020-01-30 08:57:30.606 INFO  (main) [   ] o.a.s.c.CorePropertiesLocator Found 2 core definitions underneath C:\Users\Joey\Desktop\PycharmProjects\IR_SearchEngine\IR_Q1-Q3\solr-8.0.0\solr-8.0.0\server\solr
2020-01-30 08:57:30.606 INFO  (main) [   ] o.a.s.c.CorePropertiesLocator Cores are: [footballtweets, testing]
2020-01-30 08:57:30.754 INFO  (coreLoadExecutor-9-thread-1) [   x:footballtweets] o.a.s.c.SolrResourceLoader [footballtweets] Added 59 libs to classloader, from paths: [/C:/Users/Joey/Desktop/PycharmProjects/IR_SearchEngine/IR_Q1-Q3/solr-8.0.0/solr-8.0.0/contrib/clustering/lib, /C:/Users/Joey/Desktop/PycharmProjects/IR_SearchEngine/IR_Q1-Q3/solr-8.0.0/solr-8.0.0/contrib/extraction/lib, /C:/Users/Joey/Desktop/PycharmProjects/IR_SearchEngine/IR_Q1-Q3/solr-8.0.0/solr-8.0.0/contrib/langid/lib, /C:/Users/Joey/Desktop/PycharmProjects/IR_SearchEngine/IR_Q1-Q3/solr-8.0.0/solr-8.0.0/contrib/velocity/lib, /C:/Users/Joey/Desktop/PycharmProjects/IR_SearchEngine/IR_Q1-Q3/solr-8.0.0/solr-8.0.0/dist]
2020-01-30 08:57:30.754 INFO  (coreLoadExecutor-9-thread-2) [   x:testing] o.a.s.c.SolrResourceLoader [testing] Added 59 libs to classloader, from paths: [/C:/Users/Joey/Desktop/PycharmProjects/IR_SearchEngine/IR_Q1-Q3/solr-8.0.0/solr-8.0.0/contrib/clustering/lib, /C:/Users/Joey/Desktop/PycharmProjects/IR_SearchEngine/IR_Q1-Q3/solr-8.0.0/solr-8.0.0/contrib/extraction/lib, /C:/Users/Joey/Desktop/PycharmProjects/IR_SearchEngine/IR_Q1-Q3/solr-8.0.0/solr-8.0.0/contrib/langid/lib, /C:/Users/Joey/Desktop/PycharmProjects/IR_SearchEngine/IR_Q1-Q3/solr-8.0.0/solr-8.0.0/contrib/velocity/lib, /C:/Users/Joey/Desktop/PycharmProjects/IR_SearchEngine/IR_Q1-Q3/solr-8.0.0/solr-8.0.0/dist]
2020-01-30 08:57:31.086 INFO  (main) [   ] o.e.j.s.h.ContextHandler Started o.e.j.w.WebAppContext@7a675056{/solr,file:///C:/Users/Joey/Desktop/PycharmProjects/IR_SearchEngine/IR_Q1-Q3/solr-8.0.0/solr-8.0.0/server/solr-webapp/webapp/,AVAILABLE}{C:\Users\Joey\Desktop\PycharmProjects\IR_SearchEngine\IR_Q1-Q3\solr-8.0.0\solr-8.0.0\server/solr-webapp/webapp}
2020-01-30 08:57:31.096 INFO  (main) [   ] o.e.j.s.AbstractConnector Started ServerConnector@6fff253c{HTTP/1.1,[http/1.1, h2c]}{0.0.0.0:8983}
2020-01-30 08:57:31.097 INFO  (main) [   ] o.e.j.s.Server Started @7144ms
2020-01-30 08:57:32.162 INFO  (coreLoadExecutor-9-thread-1) [   x:footballtweets] o.a.s.c.SolrConfig Using Lucene MatchVersion: 8.0.0
2020-01-30 08:57:32.175 INFO  (coreLoadExecutor-9-thread-2) [   x:testing] o.a.s.c.SolrConfig Using Lucene MatchVersion: 8.0.0
2020-01-30 08:57:32.398 INFO  (coreLoadExecutor-9-thread-2) [   x:testing] o.a.s.s.IndexSchema [testing] Schema name=default-config
2020-01-30 08:57:32.414 INFO  (coreLoadExecutor-9-thread-1) [   x:footballtweets] o.a.s.s.IndexSchema [footballtweets] Schema name=default-config
2020-01-30 08:57:33.428 INFO  (coreLoadExecutor-9-thread-1) [   x:footballtweets] o.a.s.s.IndexSchema Loaded schema default-config/1.6 with uniqueid field id
2020-01-30 08:57:33.428 INFO  (coreLoadExecutor-9-thread-2) [   x:testing] o.a.s.s.IndexSchema Loaded schema default-config/1.6 with uniqueid field id
2020-01-30 08:57:33.481 INFO  (coreLoadExecutor-9-thread-1) [   x:footballtweets] o.a.s.c.CoreContainer Creating SolrCore 'footballtweets' using configuration from instancedir C:\Users\Joey\Desktop\PycharmProjects\IR_SearchEngine\IR_Q1-Q3\solr-8.0.0\solr-8.0.0\server\solr\footballtweets, trusted=true
2020-01-30 08:57:33.544 INFO  (coreLoadExecutor-9-thread-2) [   x:testing] o.a.s.c.CoreContainer Creating SolrCore 'testing' using configuration from instancedir C:\Users\Joey\Desktop\PycharmProjects\IR_SearchEngine\IR_Q1-Q3\solr-8.0.0\solr-8.0.0\server\solr\testing, trusted=true
2020-01-30 08:57:33.574 INFO  (coreLoadExecutor-9-thread-1) [   x:footballtweets] o.a.s.m.r.SolrJmxReporter JMX monitoring for 'solr.core.footballtweets' (registry 'solr.core.footballtweets') enabled at server: com.sun.jmx.mbeanserver.JmxMBeanServer@314c508a
2020-01-30 08:57:33.574 INFO  (coreLoadExecutor-9-thread-2) [   x:testing] o.a.s.m.r.SolrJmxReporter JMX monitoring for 'solr.core.testing' (registry 'solr.core.testing') enabled at server: com.sun.jmx.mbeanserver.JmxMBeanServer@314c508a
2020-01-30 08:57:33.596 INFO  (coreLoadExecutor-9-thread-1) [   x:footballtweets] o.a.s.c.SolrCore [[footballtweets] ] Opening new SolrCore at [C:\Users\Joey\Desktop\PycharmProjects\IR_SearchEngine\IR_Q1-Q3\solr-8.0.0\solr-8.0.0\server\solr\footballtweets], dataDir=[C:\Users\Joey\Desktop\PycharmProjects\IR_SearchEngine\IR_Q1-Q3\solr-8.0.0\solr-8.0.0\server\solr\footballtweets\data\]
2020-01-30 08:57:33.596 INFO  (coreLoadExecutor-9-thread-2) [   x:testing] o.a.s.c.SolrCore [[testing] ] Opening new SolrCore at [C:\Users\Joey\Desktop\PycharmProjects\IR_SearchEngine\IR_Q1-Q3\solr-8.0.0\solr-8.0.0\server\solr\testing], dataDir=[C:\Users\Joey\Desktop\PycharmProjects\IR_SearchEngine\IR_Q1-Q3\solr-8.0.0\solr-8.0.0\server\solr\testing\data\]
2020-01-30 08:57:33.666 INFO  (coreLoadExecutor-9-thread-1) [   x:footballtweets] o.a.s.r.XSLTResponseWriter xsltCacheLifetimeSeconds=5
2020-01-30 08:57:33.667 INFO  (coreLoadExecutor-9-thread-2) [   x:testing] o.a.s.r.XSLTResponseWriter xsltCacheLifetimeSeconds=5
2020-01-30 08:57:34.633 INFO  (coreLoadExecutor-9-thread-1) [   x:footballtweets] o.a.s.u.UpdateHandler Using UpdateLog implementation: org.apache.solr.update.UpdateLog
2020-01-30 08:57:34.633 INFO  (coreLoadExecutor-9-thread-2) [   x:testing] o.a.s.u.UpdateHandler Using UpdateLog implementation: org.apache.solr.update.UpdateLog
2020-01-30 08:57:34.634 INFO  (coreLoadExecutor-9-thread-1) [   x:footballtweets] o.a.s.u.UpdateLog Initializing UpdateLog: dataDir= defaultSyncLevel=FLUSH numRecordsToKeep=100 maxNumLogsToKeep=10 numVersionBuckets=65536
2020-01-30 08:57:34.634 INFO  (coreLoadExecutor-9-thread-2) [   x:testing] o.a.s.u.UpdateLog Initializing UpdateLog: dataDir= defaultSyncLevel=FLUSH numRecordsToKeep=100 maxNumLogsToKeep=10 numVersionBuckets=65536
2020-01-30 08:57:34.755 INFO  (coreLoadExecutor-9-thread-2) [   x:testing] o.a.s.u.CommitTracker Hard AutoCommit: if uncommitted for 15000ms; 
2020-01-30 08:57:34.756 INFO  (coreLoadExecutor-9-thread-2) [   x:testing] o.a.s.u.CommitTracker Soft AutoCommit: disabled
2020-01-30 08:57:34.778 INFO  (coreLoadExecutor-9-thread-1) [   x:footballtweets] o.a.s.u.CommitTracker Hard AutoCommit: if uncommitted for 15000ms; 
2020-01-30 08:57:34.778 INFO  (coreLoadExecutor-9-thread-1) [   x:footballtweets] o.a.s.u.CommitTracker Soft AutoCommit: disabled
2020-01-30 08:57:34.870 INFO  (coreLoadExecutor-9-thread-2) [   x:testing] o.a.s.s.SolrIndexSearcher Opening [Searcher@1761266d[testing] main]
2020-01-30 08:57:34.889 INFO  (coreLoadExecutor-9-thread-2) [   x:testing] o.a.s.r.ManagedResourceStorage File-based storage initialized to use dir: C:\Users\Joey\Desktop\PycharmProjects\IR_SearchEngine\IR_Q1-Q3\solr-8.0.0\solr-8.0.0\server\solr\testing\conf
2020-01-30 08:57:34.950 INFO  (coreLoadExecutor-9-thread-2) [   x:testing] o.a.s.h.c.SpellCheckComponent Initializing spell checkers
2020-01-30 08:57:34.974 INFO  (coreLoadExecutor-9-thread-2) [   x:testing] o.a.s.s.DirectSolrSpellChecker init: {name=default,field=_text_,classname=solr.DirectSolrSpellChecker,distanceMeasure=internal,accuracy=0.5,maxEdits=2,minPrefix=1,maxInspections=5,minQueryLength=4,maxQueryFrequency=0.01}
2020-01-30 08:57:34.998 INFO  (coreLoadExecutor-9-thread-2) [   x:testing] o.a.s.h.ReplicationHandler Commits will be reserved for 10000ms.
2020-01-30 08:57:35.017 INFO  (searcherExecutor-11-thread-1-processing-x:testing) [   x:testing] o.a.s.c.QuerySenderListener QuerySenderListener sending requests to Searcher@1761266d[testing] main{ExitableDirectoryReader(UninvertingDirectoryReader())}
2020-01-30 08:57:35.017 INFO  (searcherExecutor-11-thread-1-processing-x:testing) [   x:testing] o.a.s.c.QuerySenderListener QuerySenderListener done.
2020-01-30 08:57:35.018 INFO  (searcherExecutor-11-thread-1-processing-x:testing) [   x:testing] o.a.s.h.c.SpellCheckComponent Loading spell index for spellchecker: default
2020-01-30 08:57:35.028 INFO  (searcherExecutor-11-thread-1-processing-x:testing) [   x:testing] o.a.s.c.SolrCore [testing] Registered new searcher Searcher@1761266d[testing] main{ExitableDirectoryReader(UninvertingDirectoryReader())}
2020-01-30 08:57:35.310 INFO  (coreLoadExecutor-9-thread-1) [   x:footballtweets] o.a.s.s.SolrIndexSearcher Opening [Searcher@356caa00[footballtweets] main]
2020-01-30 08:57:35.311 INFO  (coreLoadExecutor-9-thread-1) [   x:footballtweets] o.a.s.r.ManagedResourceStorage File-based storage initialized to use dir: C:\Users\Joey\Desktop\PycharmProjects\IR_SearchEngine\IR_Q1-Q3\solr-8.0.0\solr-8.0.0\server\solr\footballtweets\conf
2020-01-30 08:57:35.312 INFO  (coreLoadExecutor-9-thread-1) [   x:footballtweets] o.a.s.h.c.SpellCheckComponent Initializing spell checkers
2020-01-30 08:57:35.312 INFO  (coreLoadExecutor-9-thread-1) [   x:footballtweets] o.a.s.s.DirectSolrSpellChecker init: {name=default,field=_text_,classname=solr.DirectSolrSpellChecker,distanceMeasure=internal,accuracy=0.5,maxEdits=2,minPrefix=1,maxInspections=5,minQueryLength=4,maxQueryFrequency=0.01}
2020-01-30 08:57:35.314 INFO  (coreLoadExecutor-9-thread-1) [   x:footballtweets] o.a.s.h.ReplicationHandler Commits will be reserved for 10000ms.
2020-01-30 08:57:35.338 INFO  (searcherExecutor-10-thread-1-processing-x:footballtweets) [   x:footballtweets] o.a.s.c.QuerySenderListener QuerySenderListener sending requests to Searcher@356caa00[footballtweets] main{ExitableDirectoryReader(UninvertingDirectoryReader(Uninverting(_27c(8.0.0):C10193:[diagnostics={os=Windows 10, java.vendor=Oracle Corporation, java.version=1.8.0_201, java.vm.version=25.201-b09, lucene.version=8.0.0, mergeMaxNumSegments=-1, os.arch=amd64, java.runtime.version=1.8.0_201-b09, source=merge, mergeFactor=10, os.version=10.0, timestamp=1554713130162}]:[attributes={Lucene50StoredFieldsFormat.mode=BEST_SPEED}]) Uninverting(_27m(8.0.0):c10:[diagnostics={os=Windows 10, java.vendor=Oracle Corporation, java.version=1.8.0_201, java.vm.version=25.201-b09, lucene.version=8.0.0, mergeMaxNumSegments=-1, os.arch=amd64, java.runtime.version=1.8.0_201-b09, source=merge, mergeFactor=10, os.version=10.0, timestamp=1554713141861}]:[attributes={Lucene50StoredFieldsFormat.mode=BEST_SPEED}]) Uninverting(_27n(8.0.0):C1:[diagnostics={java.runtime.version=1.8.0_201-b09, java.vendor=Oracle Corporation, java.version=1.8.0_201, java.vm.version=25.201-b09, lucene.version=8.0.0, os=Windows 10, os.arch=amd64, os.version=10.0, source=flush, timestamp=1554713142907}]:[attributes={Lucene50StoredFieldsFormat.mode=BEST_SPEED}])))}
2020-01-30 08:57:35.338 INFO  (searcherExecutor-10-thread-1-processing-x:footballtweets) [   x:footballtweets] o.a.s.c.QuerySenderListener QuerySenderListener done.
2020-01-30 08:57:35.338 INFO  (searcherExecutor-10-thread-1-processing-x:footballtweets) [   x:footballtweets] o.a.s.h.c.SpellCheckComponent Loading spell index for spellchecker: default
2020-01-30 08:57:35.343 INFO  (searcherExecutor-10-thread-1-processing-x:footballtweets) [   x:footballtweets] o.a.s.c.SolrCore [footballtweets] Registered new searcher Searcher@356caa00[footballtweets] main{ExitableDirectoryReader(UninvertingDirectoryReader(Uninverting(_27c(8.0.0):C10193:[diagnostics={os=Windows 10, java.vendor=Oracle Corporation, java.version=1.8.0_201, java.vm.version=25.201-b09, lucene.version=8.0.0, mergeMaxNumSegments=-1, os.arch=amd64, java.runtime.version=1.8.0_201-b09, source=merge, mergeFactor=10, os.version=10.0, timestamp=1554713130162}]:[attributes={Lucene50StoredFieldsFormat.mode=BEST_SPEED}]) Uninverting(_27m(8.0.0):c10:[diagnostics={os=Windows 10, java.vendor=Oracle Corporation, java.version=1.8.0_201, java.vm.version=25.201-b09, lucene.version=8.0.0, mergeMaxNumSegments=-1, os.arch=amd64, java.runtime.version=1.8.0_201-b09, source=merge, mergeFactor=10, os.version=10.0, timestamp=1554713141861}]:[attributes={Lucene50StoredFieldsFormat.mode=BEST_SPEED}]) Uninverting(_27n(8.0.0):C1:[diagnostics={java.runtime.version=1.8.0_201-b09, java.vendor=Oracle Corporation, java.version=1.8.0_201, java.vm.version=25.201-b09, lucene.version=8.0.0, os=Windows 10, os.arch=amd64, os.version=10.0, source=flush, timestamp=1554713142907}]:[attributes={Lucene50StoredFieldsFormat.mode=BEST_SPEED}])))}
2020-01-30 08:57:35.355 INFO  (qtp1571967156-21) [   ] o.a.s.s.HttpSolrCall [admin] webapp=null path=/admin/info/system params={wt=json} status=0 QTime=35
2020-01-30 08:58:16.282 INFO  (qtp1571967156-14) [   x:footballtweets] o.a.s.c.S.Request [footballtweets]  webapp=/solr path=/select params={q=text:manchesterunited||manutd||mufc||manunited&rows=50} hits=2212 status=0 QTime=89
2020-01-30 08:58:24.666 INFO  (qtp1571967156-22) [   x:footballtweets] o.a.s.c.S.Request [footballtweets]  webapp=/solr path=/select params={q=text:mancity||manchestercity&rows=50} hits=1468 status=0 QTime=1
2020-01-30 08:58:38.108 INFO  (qtp1571967156-17) [   x:footballtweets] o.a.s.c.S.Request [footballtweets]  webapp=/solr path=/select params={q=text:manchester+united&sort=created_at+desc&rows=50} hits=745 status=0 QTime=29
2020-01-30 08:58:44.221 INFO  (qtp1571967156-22) [   x:footballtweets] o.a.s.c.S.Request [footballtweets]  webapp=/solr path=/select params={q=text:manchesterunited||manutd||mufc||manunited&sort=created_at+desc&rows=50} hits=2212 status=0 QTime=5
2020-01-30 08:58:47.939 INFO  (qtp1571967156-23) [   x:footballtweets] o.a.s.c.S.Request [footballtweets]  webapp=/solr path=/select params={q=text:arsenal||afc&sort=created_at+desc&rows=50} hits=1377 status=0 QTime=10
2020-01-30 08:58:50.696 INFO  (qtp1571967156-17) [   x:footballtweets] o.a.s.c.S.Request [footballtweets]  webapp=/solr path=/select params={q=text:lfc||liverpool&sort=created_at+desc&rows=50} hits=1869 status=0 QTime=3
2020-01-30 08:58:59.664 INFO  (qtp1571967156-23) [   x:footballtweets] o.a.s.c.S.Request [footballtweets]  webapp=/solr path=/select params={q=text:lfc||liverpool&sort=created_at+desc&rows=50} hits=1869 status=0 QTime=0
2020-01-30 08:59:00.333 INFO  (qtp1571967156-17) [   x:footballtweets] o.a.s.c.S.Request [footballtweets]  webapp=/solr path=/select params={q=text:chelsea||cfc&sort=created_at+desc&rows=50} hits=1360 status=0 QTime=8
2020-01-30 08:59:03.605 INFO  (qtp1571967156-22) [   x:footballtweets] o.a.s.c.S.Request [footballtweets]  webapp=/solr path=/select params={q=text:mancity||manchestercity&sort=created_at+desc&rows=50} hits=1468 status=0 QTime=2
